<?xml version="1.0" encoding="UTF-8"?>
<testsuite name="FriendshipsTestAssertJ" tests="15" skipped="0" failures="0" errors="0" timestamp="2020-03-23T14:03:40" hostname="DESKTOP-73NJI57" time="0.122">
  <properties/>
  <testcase name="shouldThrowExceptionWhenPerson1IsNull()" classname="FriendshipsTestAssertJ" time="0.083"/>
  <testcase name="shouldThrowExceptionWhenPerson2IsBlank()" classname="FriendshipsTestAssertJ" time="0.008"/>
  <testcase name="shouldMakeFriendsWithPersonsWithNoFriends()" classname="FriendshipsTestAssertJ" time="0.016"/>
  <testcase name="shouldGetFriendsOfPerson()" classname="FriendshipsTestAssertJ" time="0.002"/>
  <testcase name="shouldThrowExceptionWhenPerson2IsNull()" classname="FriendshipsTestAssertJ" time="0.001"/>
  <testcase name="shouldThrowExceptionWhenPerson2HasWhitespaces()" classname="FriendshipsTestAssertJ" time="0.001"/>
  <testcase name="shouldReturnFalseWhenCheckingForFriendship()" classname="FriendshipsTestAssertJ" time="0.002"/>
  <testcase name="shouldThrowExceptionWhenGettingNullPerson()" classname="FriendshipsTestAssertJ" time="0.001"/>
  <testcase name="shouldThrowExceptionWhenGettingBlankPerson()" classname="FriendshipsTestAssertJ" time="0.001"/>
  <testcase name="shouldReturnTrueWhenCheckingForFriendship()" classname="FriendshipsTestAssertJ" time="0.0"/>
  <testcase name="shouldThrowExceptionWhenPerson1IsBlank()" classname="FriendshipsTestAssertJ" time="0.0"/>
  <testcase name="shouldThrowExceptionWhenGettingPersonWithWhitespaces()" classname="FriendshipsTestAssertJ" time="0.001"/>
  <testcase name="shouldGetFriendsOfPersonWithNoFriends()" classname="FriendshipsTestAssertJ" time="0.001"/>
  <testcase name="shouldMakeFriendsWithPersonsWithFriends()" classname="FriendshipsTestAssertJ" time="0.001"/>
  <testcase name="shouldThrowExceptionWhenPerson1HasWhitespaces()" classname="FriendshipsTestAssertJ" time="0.001"/>
  <system-out><![CDATA[]]></system-out>
  <system-err><![CDATA[]]></system-err>
</testsuite>
